/#/index.html (Status : 200)
/# Copyright 2007 James Fisher/index.html (Status : 200)
/# license, visit http://creativecommons.org/licenses/by-sa/3.0/ /index.html (Status : 200)
/#/index.html (Status : 200)
/# directory-list-lowercase-2.3-small.txt/index.html (Status : 200)
/# This work is licensed under the Creative Commons /index.html (Status : 200)
/# or send a letter to Creative Commons, 171 Second Street, /index.html (Status : 200)
/# Suite 300, San Francisco, California, 94105, USA./index.html (Status : 200)
/#/index.html (Status : 200)
/# Priority ordered case insensative list, where entries were found /index.html (Status : 200)
/# Attribution-Share Alike 3.0 License. To view a copy of this /index.html (Status : 200)
/# on atleast 3 different hosts/index.html (Status : 200)
/#/index.html (Status : 200)
//index.html (Status : 200)
/news/index.html (Status : 200)
/index/index.html (Status : 200)
/download/index.html (Status : 200)
/images/index.html (Status : 200)
/contact/index.html (Status : 200)
/full/index.html (Status : 200)
/2006/index.html (Status : 200)
/warez/index.html (Status : 200)
/about/index.html (Status : 200)
/privacy/index.html (Status : 200)
/search/index.html (Status : 200)
/spacer/index.html (Status : 200)
/crack/index.html (Status : 200)
/logo/index.html (Status : 200)
/12/index.html (Status : 200)
/new/index.html (Status : 200)
/img/index.html (Status : 200)
/blog/index.html (Status : 200)
/serial/index.html (Status : 200)
/home/index.html (Status : 200)
/11/index.html (Status : 200)
/faq/index.html (Status : 200)
/10/index.html (Status : 200)
/cgi-bin/index.html (Status : 200)
/09/index.html (Status : 200)
/default/index.html (Status : 200)
/1/index.html (Status : 200)
/sitemap/index.html (Status : 200)
/links/index.html (Status : 200)
/rss/index.html (Status : 200)
/2005/index.html (Status : 200)
/products/index.html (Status : 200)
/06/index.html (Status : 200)
/01/index.html (Status : 200)
/articles/index.html (Status : 200)
/08/index.html (Status : 200)
/07/index.html (Status : 200)
/04/index.html (Status : 200)
/archives/index.html (Status : 200)
/2/index.html (Status : 200)
/support/index.html (Status : 200)
/keygen/index.html (Status : 200)
/03/index.html (Status : 200)
/login/index.html (Status : 200)
/05/index.html (Status : 200)
/help/index.html (Status : 200)
/security/index.html (Status : 200)
/software/index.html (Status : 200)
/02/index.html (Status : 200)
/en/index.html (Status : 200)
/forum/index.html (Status : 200)
/archive/index.html (Status : 200)
/events/index.html (Status : 200)
/3/index.html (Status : 200)
/13/index.html (Status : 200)
/main/index.html (Status : 200)
/downloads/index.html (Status : 200)
/14/index.html (Status : 200)
/register/index.html (Status : 200)
/4/index.html (Status : 200)
/article/index.html (Status : 200)
/templates/index.html (Status : 200)
/15/index.html (Status : 200)
/media/index.html (Status : 200)
/category/index.html (Status : 200)
/18/index.html (Status : 200)
/content/index.html (Status : 200)
/files/index.html (Status : 200)
/resources/index.html (Status : 200)
/16/index.html (Status : 200)
/21/index.html (Status : 200)
/press/index.html (Status : 200)
/20/index.html (Status : 200)
/docs/index.html (Status : 200)
/profile/index.html (Status : 200)
/2004/index.html (Status : 200)
/info/index.html (Status : 200)
/html/index.html (Status : 200)
/6/index.html (Status : 200)
/features/index.html (Status : 200)
/5/index.html (Status : 200)
/icons/index.html (Status : 200)
/24/index.html (Status : 200)
/partners/index.html (Status : 200)
/services/index.html (Status : 200)
/i/index.html (Status : 200)
/22/index.html (Status : 200)
/misc/index.html (Status : 200)
/contactus/index.html (Status : 200)
/27/index.html (Status : 200)
/19/index.html (Status : 200)
/terms/index.html (Status : 200)
/top/index.html (Status : 200)
/23/index.html (Status : 200)
/26/index.html (Status : 200)
/legal/index.html (Status : 200)
/page/index.html (Status : 200)
/17/index.html (Status : 200)
/2007/index.html (Status : 200)
/tools/index.html (Status : 200)
/29/index.html (Status : 200)
/30/index.html (Status : 200)
/linux/index.html (Status : 200)
/9/index.html (Status : 200)
/xml/index.html (Status : 200)
/user/index.html (Status : 200)
/7/index.html (Status : 200)
/0/index.html (Status : 200)
/28/index.html (Status : 200)
/25/index.html (Status : 200)
/8/index.html (Status : 200)
/books/index.html (Status : 200)
/projects/index.html (Status : 200)
/feed/index.html (Status : 200)
/feedback/index.html (Status : 200)
/video/index.html (Status : 200)
/banner/index.html (Status : 200)
/banners/index.html (Status : 200)
/business/index.html (Status : 200)
/modules/index.html (Status : 200)
/themes/index.html (Status : 200)
/graphics/index.html (Status : 200)
/pdf/index.html (Status : 200)
/print/index.html (Status : 200)
/ads/index.html (Status : 200)
/common/index.html (Status : 200)
/jobs/index.html (Status : 200)
/view/index.html (Status : 200)
/forums/index.html (Status : 200)
/company/index.html (Status : 200)
/product/index.html (Status : 200)
/research/index.html (Status : 200)
/games/index.html (Status : 200)
/aboutus/index.html (Status : 200)
/2003/index.html (Status : 200)
/site/index.html (Status : 200)
/reviews/index.html (Status : 200)
/people/index.html (Status : 200)
/pub/index.html (Status : 200)
/sports/index.html (Status : 200)
/subscribe/index.html (Status : 200)
/uploads/index.html (Status : 200)
/story/index.html (Status : 200)
/image/index.html (Status : 200)
/email/index.html (Status : 200)
/comments/index.html (Status : 200)
/gallery/index.html (Status : 200)
/blank/index.html (Status : 200)
/31/index.html (Status : 200)
/atom/index.html (Status : 200)
/copyright/index.html (Status : 200)
/stats/index.html (Status : 200)
/logos/index.html (Status : 200)
/blogs/index.html (Status : 200)
/stories/index.html (Status : 200)
/community/index.html (Status : 200)
/arrow/index.html (Status : 200)
/data/index.html (Status : 200)
/header/index.html (Status : 200)
/english/index.html (Status : 200)
/submit/index.html (Status : 200)
/technology/index.html (Status : 200)
/buttons/index.html (Status : 200)
/newsletter/index.html (Status : 200)
/music/index.html (Status : 200)
/pages/index.html (Status : 200)
/web/index.html (Status : 200)
/history/index.html (Status : 200)
/calendar/index.html (Status : 200)
/careers/index.html (Status : 200)
/papers/index.html (Status : 200)
/photos/index.html (Status : 200)
/wiki/index.html (Status : 200)
/library/index.html (Status : 200)
/internet/index.html (Status : 200)
/www/index.html (Status : 200)
/nav/index.html (Status : 200)
/mail/index.html (Status : 200)
/b/index.html (Status : 200)
/spam/index.html (Status : 200)
/a/index.html (Status : 200)
/disclaimer/index.html (Status : 200)
/awards/index.html (Status : 200)
/members/index.html (Status : 200)
/clear/index.html (Status : 200)
/store/index.html (Status : 200)
/topics/index.html (Status : 200)
/feeds/index.html (Status : 200)
/s/index.html (Status : 200)
/advertise/index.html (Status : 200)
/signup/index.html (Status : 200)
/general/index.html (Status : 200)
/c/index.html (Status : 200)
/pics/index.html (Status : 200)
/index2/index.html (Status : 200)
/publications/index.html (Status : 200)
/go/index.html (Status : 200)
/shop/index.html (Status : 200)
/dir/index.html (Status : 200)
/solutions/index.html (Status : 200)
/2002/index.html (Status : 200)
/users/index.html (Status : 200)
/map/index.html (Status : 200)
/tips/index.html (Status : 200)
/weblog/index.html (Status : 200)
/hardware/index.html (Status : 200)
/education/index.html (Status : 200)
/public/index.html (Status : 200)
/in/index.html (Status : 200)
/contact_us/index.html (Status : 200)
/de/index.html (Status : 200)
/list/index.html (Status : 200)
/documents/index.html (Status : 200)
/movies/index.html (Status : 200)
/travel/index.html (Status : 200)
/screenshots/index.html (Status : 200)
/homepage/index.html (Status : 200)
/wp-content/index.html (Status : 200)
/training/index.html (Status : 200)
/p/index.html (Status : 200)
/catalog/index.html (Status : 200)
/wireless/index.html (Status : 200)
/viewtopic/index.html (Status : 200)
/pixel/index.html (Status : 200)
/fr/index.html (Status : 200)
/adclick/index.html (Status : 200)
/online/index.html (Status : 200)
/button/index.html (Status : 200)
/join/index.html (Status : 200)
/other/index.html (Status : 200)
/us/index.html (Status : 200)
/tech/index.html (Status : 200)
/admin/index.html (Status : 200)
/policy/index.html (Status : 200)
/apps/index.html (Status : 200)
/global/index.html (Status : 200)
/windows/index.html (Status : 200)
/2000/index.html (Status : 200)
/t/index.html (Status : 200)
/health/index.html (Status : 200)
/32/index.html (Status : 200)
/2001/index.html (Status : 200)
/space/index.html (Status : 200)
/member/index.html (Status : 200)
/faqs/index.html (Status : 200)
/contacts/index.html (Status : 200)
/assets/index.html (Status : 200)
/scripts/index.html (Status : 200)
/link/index.html (Status : 200)
/directory/index.html (Status : 200)
/ewbutton_community/index.html (Status : 200)
/strona_11/index.html (Status : 200)
/browse/index.html (Status : 200)
/welcome/index.html (Status : 200)
/programs/index.html (Status : 200)
/ewbutton_guestbook/index.html (Status : 200)
/mobile/index.html (Status : 200)
/overview/index.html (Status : 200)
/entertainment/index.html (Status : 200)
/strona_13/index.html (Status : 200)
/strona_8/index.html (Status : 200)
/newsletters/index.html (Status : 200)
/static/index.html (Status : 200)
/strona_10/index.html (Status : 200)
/staff/index.html (Status : 200)
/categories/index.html (Status : 200)
/strona_19/index.html (Status : 200)
/strona_1/index.html (Status : 200)
/strona_14/index.html (Status : 200)
/advertising/index.html (Status : 200)
/showallsites/index.html (Status : 200)
/36/index.html (Status : 200)
/detail/index.html (Status : 200)
/releases/index.html (Status : 200)
/strona_4/index.html (Status : 200)
/strona_15/index.html (Status : 200)
/europemirror/index.html (Status : 200)
/40/index.html (Status : 200)
/firefox_reco/index.html (Status : 200)
/version/index.html (Status : 200)
/pr/index.html (Status : 200)
/strona_5/index.html (Status : 200)
/strona_12/index.html (Status : 200)
/registration/index.html (Status : 200)
/strona_17/index.html (Status : 200)
/strona_16/index.html (Status : 200)
/reports/index.html (Status : 200)
/d/index.html (Status : 200)
/strona_9/index.html (Status : 200)
/strona_20/index.html (Status : 200)
/weather/index.html (Status : 200)
/strona_7/index.html (Status : 200)
/menu/index.html (Status : 200)
/mailman/index.html (Status : 200)
/order/index.html (Status : 200)
/privacy_policy/index.html (Status : 200)
/footer/index.html (Status : 200)
/tutorials/index.html (Status : 200)
/eng/index.html (Status : 200)
/listinfo/index.html (Status : 200)
/podcasts/index.html (Status : 200)
/strona_18/index.html (Status : 200)
/strona_6/index.html (Status : 200)
/kontakt/index.html (Status : 200)
/r/index.html (Status : 200)
/whitepapers/index.html (Status : 200)
/glossary/index.html (Status : 200)
/network/index.html (Status : 200)
/strona_2/index.html (Status : 200)
/strona_21/index.html (Status : 200)
/audio/index.html (Status : 200)
/strona_3/index.html (Status : 200)
/showthread/index.html (Status : 200)
/37/index.html (Status : 200)
/cnt/index.html (Status : 200)
/post/index.html (Status : 200)
/33/index.html (Status : 200)
/politics/index.html (Status : 200)
/intro/index.html (Status : 200)
/account/index.html (Status : 200)
/it/index.html (Status : 200)
/34/index.html (Status : 200)
/text/index.html (Status : 200)
/science/index.html (Status : 200)
/35/index.html (Status : 200)
/chat/index.html (Status : 200)
/donate/index.html (Status : 200)
/comment/index.html (Status : 200)
/php/index.html (Status : 200)
/adview/index.html (Status : 200)
/privacypolicy/index.html (Status : 200)
/39/index.html (Status : 200)
/viewforum/index.html (Status : 200)
/sponsors/index.html (Status : 200)
/x/index.html (Status : 200)
/bullet/index.html (Status : 200)
/41/index.html (Status : 200)
/testimonials/index.html (Status : 200)
/world/index.html (Status : 200)
/upload/index.html (Status : 200)
/38/index.html (Status : 200)
/uk/index.html (Status : 200)
/portal/index.html (Status : 200)
/forms/index.html (Status : 200)
/microsoft/index.html (Status : 200)
/50/index.html (Status : 200)
/flash/index.html (Status : 200)
/48/index.html (Status : 200)
/node/index.html (Status : 200)
/dot/index.html (Status : 200)
/google/index.html (Status : 200)
/nl/index.html (Status : 200)
/corporate/index.html (Status : 200)
/special/index.html (Status : 200)
/servlet/index.html (Status : 200)
/design/index.html (Status : 200)
/m/index.html (Status : 200)
/folder/index.html (Status : 200)
/es/index.html (Status : 200)
/tn/index.html (Status : 200)
/demo/index.html (Status : 200)
/44/index.html (Status : 200)
/employment/index.html (Status : 200)
/43/index.html (Status : 200)
/java/index.html (Status : 200)
/documentation/index.html (Status : 200)
/issues/index.html (Status : 200)
/partner/index.html (Status : 200)
/podcast/index.html (Status : 200)
/trans/index.html (Status : 200)
/faculty/index.html (Status : 200)
/local/index.html (Status : 200)
/buy/index.html (Status : 200)
/45/index.html (Status : 200)
/guide/index.html (Status : 200)
/tv/index.html (Status : 200)
/report/index.html (Status : 200)
/about_us/index.html (Status : 200)
/perl/index.html (Status : 200)
/photo/index.html (Status : 200)
/book/index.html (Status : 200)
/section/index.html (Status : 200)
/shopping/index.html (Status : 200)
/flags/index.html (Status : 200)
/images01/index.html (Status : 200)
/show/index.html (Status : 200)
/affiliates/index.html (Status : 200)
/start/index.html (Status : 200)
/international/index.html (Status : 200)
/memberlist/index.html (Status : 200)
/site_map/index.html (Status : 200)
/topic/index.html (Status : 200)
/cart/index.html (Status : 200)
/board/index.html (Status : 200)
/f/index.html (Status : 200)
/46/index.html (Status : 200)
/enterprise/index.html (Status : 200)
/multimedia/index.html (Status : 200)
/47/index.html (Status : 200)
/55/index.html (Status : 200)
/add/index.html (Status : 200)
/g/index.html (Status : 200)
/redirect/index.html (Status : 200)
/current/index.html (Status : 200)
/pl/index.html (Status : 200)
/pix/index.html (Status : 200)
/opinion/index.html (Status : 200)
/code/index.html (Status : 200)
/pubs/index.html (Status : 200)
/all/index.html (Status : 200)
/authors/index.html (Status : 200)
/promo/index.html (Status : 200)
/42/index.html (Status : 200)
/title/index.html (Status : 200)
/51/index.html (Status : 200)
/results/index.html (Status : 200)
/cgi/index.html (Status : 200)
/whatsnew/index.html (Status : 200)
/59/index.html (Status : 200)
/lg/index.html (Status : 200)
/pictures/index.html (Status : 200)
/57/index.html (Status : 200)
/h/index.html (Status : 200)
/headers/index.html (Status : 200)
/posts/index.html (Status : 200)
/mp3/index.html (Status : 200)
/videos/index.html (Status : 200)
/consumer/index.html (Status : 200)
/management/index.html (Status : 200)
/54/index.html (Status : 200)
/tag/index.html (Status : 200)
/gfx/index.html (Status : 200)
/61/index.html (Status : 200)
/cs/index.html (Status : 200)
/service/index.html (Status : 200)
/art/index.html (Status : 200)
/56/index.html (Status : 200)
/details/index.html (Status : 200)
/60/index.html (Status : 200)
/more/index.html (Status : 200)
/lists/index.html (Status : 200)
/smilies/index.html (Status : 200)
/e/index.html (Status : 200)
/password/index.html (Status : 200)
/skins/index.html (Status : 200)
/tests/index.html (Status : 200)
/49/index.html (Status : 200)
/radio/index.html (Status : 200)
/1999/index.html (Status : 200)
/63/index.html (Status : 200)
/albums/index.html (Status : 200)
/bin/index.html (Status : 200)
/author/index.html (Status : 200)
/sp/index.html (Status : 200)
/storage/index.html (Status : 200)
/53/index.html (Status : 200)
/poll/index.html (Status : 200)
/52/index.html (Status : 200)
/personal/index.html (Status : 200)
/maps/index.html (Status : 200)
/policies/index.html (Status : 200)
/click/index.html (Status : 200)
/printer/index.html (Status : 200)
/icon/index.html (Status : 200)
/wp-login/index.html (Status : 200)
/free/index.html (Status : 200)
/group/index.html (Status : 200)
/mac/index.html (Status : 200)
/counter/index.html (Status : 200)
/affiliate/index.html (Status : 200)
/58/index.html (Status : 200)
/conferences/index.html (Status : 200)
/guides/index.html (Status : 200)
/advisories/index.html (Status : 200)
/webapp/index.html (Status : 200)
/66/index.html (Status : 200)
/apple/index.html (Status : 200)
/display/index.html (Status : 200)
/howto/index.html (Status : 200)
/64/index.html (Status : 200)
/back/index.html (Status : 200)
